0 info it worked if it ends with ok
1 verbose cli [ '/usr/local/bin/node',
1 verbose cli   '/usr/local/bin/npm',
1 verbose cli   'publish',
1 verbose cli   '--access=public' ]
2 info using npm@3.10.10
3 info using node@v6.11.2
4 verbose publish [ '.' ]
5 silly cache add args [ '.', null ]
6 verbose cache add spec .
7 silly cache add parsed spec Result {
7 silly cache add   raw: '.',
7 silly cache add   scope: null,
7 silly cache add   escapedName: null,
7 silly cache add   name: null,
7 silly cache add   rawSpec: '.',
7 silly cache add   spec: '/Users/wemine/Documents/fb-search',
7 silly cache add   type: 'directory' }
8 verbose addLocalDirectory /Users/wemine/.npm/facebook-keyword-crawler/1.0.0/package.tgz not in flight; packing
9 verbose correctMkdir /Users/wemine/.npm correctMkdir not in flight; initializing
10 info lifecycle facebook-keyword-crawler@1.0.0~prepublish: facebook-keyword-crawler@1.0.0
11 silly lifecycle facebook-keyword-crawler@1.0.0~prepublish: no script for prepublish, continuing
12 verbose tar pack [ '/Users/wemine/.npm/facebook-keyword-crawler/1.0.0/package.tgz',
12 verbose tar pack   '/Users/wemine/Documents/fb-search' ]
13 verbose tarball /Users/wemine/.npm/facebook-keyword-crawler/1.0.0/package.tgz
14 verbose folder /Users/wemine/Documents/fb-search
15 verbose addLocalTarball adding from inside cache /Users/wemine/.npm/facebook-keyword-crawler/1.0.0/package.tgz
16 verbose correctMkdir /Users/wemine/.npm correctMkdir not in flight; initializing
17 silly cache afterAdd facebook-keyword-crawler@1.0.0
18 verbose afterAdd /Users/wemine/.npm/facebook-keyword-crawler/1.0.0/package/package.json not in flight; writing
19 verbose correctMkdir /Users/wemine/.npm correctMkdir not in flight; initializing
20 verbose afterAdd /Users/wemine/.npm/facebook-keyword-crawler/1.0.0/package/package.json written
21 silly publish { name: 'facebook-keyword-crawler',
21 silly publish   version: '1.0.0',
21 silly publish   description: 'Developers workshop',
21 silly publish   main: 'app.js',
21 silly publish   scripts: { test: 'node app' },
21 silly publish   repository:
21 silly publish    { type: 'git',
21 silly publish      url: 'ssh://test-l6njpco64tew@vault.phacility.com/source/se.git' },
21 silly publish   author: { name: 'Rollangle' },
21 silly publish   license: 'ISC',
21 silly publish   dependencies:
21 silly publish    { 'body-parser': '^1.17.2',
21 silly publish      express: '^4.15.4',
21 silly publish      lodash: '^4.17.4',
21 silly publish      'node-fetch': '^1.7.2',
21 silly publish      request: '^2.81.0' },
21 silly publish   keywords: [ 'facebook', 'keyword', 'crawler' ],
21 silly publish   gitHead: 'ebfdec8c3323d64c3ce68a04e22484d104bd4d27',
21 silly publish   readme: 'ERROR: No README data found!',
21 silly publish   _id: 'facebook-keyword-crawler@1.0.0',
21 silly publish   _shasum: '6e52be885ee237887f72c0ad3a493162d9ecf593',
21 silly publish   _from: '.' }
22 verbose getPublishConfig undefined
23 silly mapToRegistry name facebook-keyword-crawler
24 silly mapToRegistry using default registry
25 silly mapToRegistry registry https://registry.npmjs.org/
26 silly mapToRegistry data Result {
26 silly mapToRegistry   raw: 'facebook-keyword-crawler',
26 silly mapToRegistry   scope: null,
26 silly mapToRegistry   escapedName: 'facebook-keyword-crawler',
26 silly mapToRegistry   name: 'facebook-keyword-crawler',
26 silly mapToRegistry   rawSpec: '',
26 silly mapToRegistry   spec: 'latest',
26 silly mapToRegistry   type: 'tag' }
27 silly mapToRegistry uri https://registry.npmjs.org/facebook-keyword-crawler
28 verbose publish registryBase https://registry.npmjs.org/
29 silly publish uploading /Users/wemine/.npm/facebook-keyword-crawler/1.0.0/package.tgz
30 verbose request uri https://registry.npmjs.org/facebook-keyword-crawler
31 verbose request sending authorization for write operation
32 info attempt registry request try #1 at 5:13:33 PM
33 verbose request using bearer token for auth
34 verbose request id bed52df8809d8b18
35 http request PUT https://registry.npmjs.org/facebook-keyword-crawler
36 http 403 https://registry.npmjs.org/facebook-keyword-crawler
37 verbose headers { 'content-type': 'application/json',
37 verbose headers   'cache-control': 'max-age=300',
37 verbose headers   'content-length': '91',
37 verbose headers   'accept-ranges': 'bytes',
37 verbose headers   date: 'Wed, 11 Oct 2017 09:13:34 GMT',
37 verbose headers   via: '1.1 varnish',
37 verbose headers   connection: 'keep-alive',
37 verbose headers   'x-served-by': 'cache-hkg17925-HKG',
37 verbose headers   'x-cache': 'MISS',
37 verbose headers   'x-cache-hits': '0',
37 verbose headers   'x-timer': 'S1507713214.625937,VS0,VE999',
37 verbose headers   vary: 'Accept-Encoding, Accept' }
38 verbose request invalidating /Users/wemine/.npm/registry.npmjs.org/facebook-keyword-crawler on PUT
39 error publish Failed PUT 403
40 verbose stack Error: You cannot publish over the previously published version 1.0.0. : facebook-keyword-crawler
40 verbose stack     at makeError (/usr/local/lib/node_modules/npm/node_modules/npm-registry-client/lib/request.js:302:12)
40 verbose stack     at CachingRegistryClient.<anonymous> (/usr/local/lib/node_modules/npm/node_modules/npm-registry-client/lib/request.js:290:14)
40 verbose stack     at Request._callback (/usr/local/lib/node_modules/npm/node_modules/npm-registry-client/lib/request.js:210:14)
40 verbose stack     at Request.self.callback (/usr/local/lib/node_modules/npm/node_modules/request/request.js:187:22)
40 verbose stack     at emitTwo (events.js:106:13)
40 verbose stack     at Request.emit (events.js:191:7)
40 verbose stack     at Request.<anonymous> (/usr/local/lib/node_modules/npm/node_modules/request/request.js:1048:10)
40 verbose stack     at emitOne (events.js:96:13)
40 verbose stack     at Request.emit (events.js:188:7)
40 verbose stack     at IncomingMessage.<anonymous> (/usr/local/lib/node_modules/npm/node_modules/request/request.js:969:12)
41 verbose statusCode 403
42 verbose pkgid facebook-keyword-crawler
43 verbose cwd /Users/wemine/Documents/fb-search
44 error Darwin 16.7.0
45 error argv "/usr/local/bin/node" "/usr/local/bin/npm" "publish" "--access=public"
46 error node v6.11.2
47 error npm  v3.10.10
48 error code E403
49 error You cannot publish over the previously published version 1.0.0. : facebook-keyword-crawler
50 error If you need help, you may report this error at:
50 error     <https://github.com/npm/npm/issues>
51 verbose exit [ 1, true ]
